<?xml version="1.0" encoding="UTF-8"?>
<!-- Generated by org.testng.reporters.JUnitXMLReporter -->
<testsuite ignored="2" hostname="DESKTOP-9SGE8AP" failures="1" tests="2" name="TestRadioOptionsAndTitleOfPage" time="23.236" errors="0" timestamp="01 Jul 2021 10:45:35 GMT">
  <testcase classname="com.gui.automation.test.TestRadioButtons" name="getRadioButtons" time="14.344"/>
  <testcase classname="com.gui.automation.test.TestTitleOfThePage" name="getTitleOfPage" time="0.006">
    <failure type="java.lang.NullPointerException" message="Cannot invoke &amp;quot;org.openqa.selenium.WebDriver.get(String)&amp;quot; because &amp;quot;this.driver&amp;quot; is null">
      <![CDATA[java.lang.NullPointerException: Cannot invoke "org.openqa.selenium.WebDriver.get(String)" because "this.driver" is null
at com.gui.automation.test.TestTitleOfThePage.getTitleOfPage(TestTitleOfThePage.java:12)
... Removed 25 stack frames]]>
    </failure>
  </testcase> <!-- getTitleOfPage -->
  <testcase classname="com.automate.web.firstcode.AbstractLaunchChromeBrowser" name="@AfterTest tearPage" time="0.0">
    <ignored/>
  </testcase> <!-- @AfterTest tearPage -->
  <testcase classname="com.automate.web.firstcode.AbstractLaunchChromeBrowser" name="@BeforeTest setup" time="0.0">
    <ignored/>
  </testcase> <!-- @BeforeTest setup -->
</testsuite> <!-- TestRadioOptionsAndTitleOfPage -->
