<?xml version="1.0" encoding="UTF-8"?>
<!-- Generated by org.testng.reporters.JUnitXMLReporter -->
<testsuite ignored="0" hostname="DESKTOP-9SGE8AP" failures="0" tests="6" name="Com-GUI-Automation-CSV-DataProvider" time="28.901" errors="0" timestamp="06 Jul 2021 05:39:25 GMT">
  <testcase classname="com.gui.automation.csvreader.readCSVTest" name="logindataFromCSV" time="15.192"/>
  <testcase classname="com.gui.automation.csvreader.readCSVTest" name="logindataFromCSV" time="4.392"/>
  <testcase classname="com.gui.automation.csvreader.readCSVTest" name="logindataFromCSV" time="3.265"/>
  <testcase classname="com.gui.automation.csvreader.readCSVTest" name="logindataFromCSV" time="2.882"/>
  <testcase classname="com.gui.automation.csvreader.readCSVTest" name="logindataFromCSV" time="3.101"/>
  <testcase classname="com.gui.automation.csvreader.readCSVTest" name="readDataFromCSV" time="0.001"/>
</testsuite> <!-- Com-GUI-Automation-CSV-DataProvider -->
