<?xml version="1.0" encoding="UTF-8"?>
<!-- Generated by org.testng.reporters.JUnitXMLReporter -->
<testsuite ignored="16" hostname="DESKTOP-9SGE8AP" failures="0" tests="10" name="Com-GUI-Automation-Test" time="89.352" errors="0" timestamp="03 Jul 2021 20:47:50 GMT">
  <testcase classname="com.gui.automation.test.FormElementSelectTest" name="selectOptionFromDropDwon" time="16.015"/>
  <testcase classname="com.gui.automation.test.TestRadioButtons" name="getRadioButtons" time="3.527"/>
  <testcase classname="com.gui.automation.test.AlertPopUpTest" name="alertBoxTest" time="12.18"/>
  <testcase classname="com.gui.automation.test.CheckBoxOptionsTest" name="checkBoxOptionsTest" time="1.44"/>
  <testcase classname="com.gui.automation.test.WindowHandleTest" name="getWindowHandles" time="20.898"/>
  <testcase classname="com.gui.automation.test.TestTitleOfThePage" name="getTitleOfPage" time="9.95"/>
  <testcase classname="com.gui.automation.test.TextAreaTest" name="javaScriptExecutorTest" time="6.251"/>
  <testcase classname="com.gui.automation.test.TextAreaTest" name="textArearTest" time="1.604"/>
  <testcase classname="com.gui.automation.test.ExplicitWaitElementTest" name="checkElementVisibility" time="1.529"/>
  <testcase classname="com.gui.automation.test.LoginTest" name="loginPageTest" time="0.904"/>
  <testcase classname="com.automate.web.firstcode.AbstractLaunchChromeBrowser" name="@AfterTest afterTest" time="0.0">
    <ignored/>
  </testcase> <!-- @AfterTest afterTest -->
  <testcase classname="com.automate.web.firstcode.AbstractLaunchChromeBrowser" name="@AfterTest afterTest" time="0.0">
    <ignored/>
  </testcase> <!-- @AfterTest afterTest -->
  <testcase classname="com.automate.web.firstcode.AbstractLaunchChromeBrowser" name="@AfterTest afterTest" time="0.0">
    <ignored/>
  </testcase> <!-- @AfterTest afterTest -->
  <testcase classname="com.automate.web.firstcode.AbstractLaunchChromeBrowser" name="@AfterTest afterTest" time="0.0">
    <ignored/>
  </testcase> <!-- @AfterTest afterTest -->
  <testcase classname="com.automate.web.firstcode.AbstractLaunchChromeBrowser" name="@AfterTest afterTest" time="0.0">
    <ignored/>
  </testcase> <!-- @AfterTest afterTest -->
  <testcase classname="com.automate.web.firstcode.AbstractLaunchChromeBrowser" name="@AfterTest afterTest" time="0.0">
    <ignored/>
  </testcase> <!-- @AfterTest afterTest -->
  <testcase classname="com.automate.web.firstcode.AbstractLaunchChromeBrowser" name="@AfterTest afterTest" time="0.0">
    <ignored/>
  </testcase> <!-- @AfterTest afterTest -->
  <testcase classname="com.automate.web.firstcode.AbstractLaunchChromeBrowser" name="@AfterTest afterTest" time="0.0">
    <ignored/>
  </testcase> <!-- @AfterTest afterTest -->
  <testcase classname="com.automate.web.firstcode.AbstractLaunchChromeBrowser" name="@BeforeTest beforeTest" time="0.0">
    <ignored/>
  </testcase> <!-- @BeforeTest beforeTest -->
  <testcase classname="com.automate.web.firstcode.AbstractLaunchChromeBrowser" name="@BeforeTest beforeTest" time="0.0">
    <ignored/>
  </testcase> <!-- @BeforeTest beforeTest -->
  <testcase classname="com.automate.web.firstcode.AbstractLaunchChromeBrowser" name="@BeforeTest beforeTest" time="0.0">
    <ignored/>
  </testcase> <!-- @BeforeTest beforeTest -->
  <testcase classname="com.automate.web.firstcode.AbstractLaunchChromeBrowser" name="@BeforeTest beforeTest" time="0.0">
    <ignored/>
  </testcase> <!-- @BeforeTest beforeTest -->
  <testcase classname="com.automate.web.firstcode.AbstractLaunchChromeBrowser" name="@BeforeTest beforeTest" time="0.0">
    <ignored/>
  </testcase> <!-- @BeforeTest beforeTest -->
  <testcase classname="com.automate.web.firstcode.AbstractLaunchChromeBrowser" name="@BeforeTest beforeTest" time="0.0">
    <ignored/>
  </testcase> <!-- @BeforeTest beforeTest -->
  <testcase classname="com.automate.web.firstcode.AbstractLaunchChromeBrowser" name="@BeforeTest beforeTest" time="0.0">
    <ignored/>
  </testcase> <!-- @BeforeTest beforeTest -->
  <testcase classname="com.automate.web.firstcode.AbstractLaunchChromeBrowser" name="@BeforeTest beforeTest" time="0.0">
    <ignored/>
  </testcase> <!-- @BeforeTest beforeTest -->
</testsuite> <!-- Com-GUI-Automation-Test -->
