<?xml version="1.0" encoding="UTF-8"?>
<!-- Generated by org.testng.reporters.JUnitXMLReporter -->
<testsuite ignored="32" hostname="DESKTOP-9SGE8AP" failures="0" tests="10" name="Com-GUI-AutomationTest" time="106.97" errors="0" timestamp="06 Jul 2021 05:38:56 GMT">
  <testcase classname="com.gui.automation.test.FormElementSelectTest" name="selectOptionFromDropDwon" time="31.607"/>
  <testcase classname="com.gui.automation.test.TestRadioButtons" name="getRadioButtons" time="4.362"/>
  <testcase classname="com.gui.automation.test.AlertPopUpTest" name="alertBoxTest" time="11.532"/>
  <testcase classname="com.gui.automation.test.CheckBoxOptionsTest" name="checkBoxOptionsTest" time="1.659"/>
  <testcase classname="com.gui.automation.test.WindowHandleTest" name="getWindowHandles" time="8.981"/>
  <testcase classname="com.gui.automation.test.TestTitleOfThePage" name="getTitleOfPage" time="18.497"/>
  <testcase classname="com.gui.automation.test.ExplicitWaitElementTest" name="checkElementVisibility" time="2.932"/>
  <testcase classname="com.gui.automation.test.TextAreaTest" name="javaScriptExecutorTest" time="6.08"/>
  <testcase classname="com.gui.automation.test.TextAreaTest" name="textArearTest" time="1.981"/>
  <testcase classname="com.gui.automation.test.LoginTest" name="loginPageTest" time="0.742"/>
  <testcase classname="com.automate.web.firstcode.AbstractLaunchChromeBrowser" name="@AfterSuite tearDown" time="0.0">
    <ignored/>
  </testcase> <!-- @AfterSuite tearDown -->
  <testcase classname="com.automate.web.firstcode.AbstractLaunchChromeBrowser" name="@AfterSuite tearDown" time="0.0">
    <ignored/>
  </testcase> <!-- @AfterSuite tearDown -->
  <testcase classname="com.automate.web.firstcode.AbstractLaunchChromeBrowser" name="@AfterSuite tearDown" time="0.0">
    <ignored/>
  </testcase> <!-- @AfterSuite tearDown -->
  <testcase classname="com.automate.web.firstcode.AbstractLaunchChromeBrowser" name="@AfterSuite tearDown" time="0.0">
    <ignored/>
  </testcase> <!-- @AfterSuite tearDown -->
  <testcase classname="com.automate.web.firstcode.AbstractLaunchChromeBrowser" name="@AfterSuite tearDown" time="0.0">
    <ignored/>
  </testcase> <!-- @AfterSuite tearDown -->
  <testcase classname="com.automate.web.firstcode.AbstractLaunchChromeBrowser" name="@AfterSuite tearDown" time="0.0">
    <ignored/>
  </testcase> <!-- @AfterSuite tearDown -->
  <testcase classname="com.automate.web.firstcode.AbstractLaunchChromeBrowser" name="@AfterSuite tearDown" time="0.0">
    <ignored/>
  </testcase> <!-- @AfterSuite tearDown -->
  <testcase classname="com.automate.web.firstcode.AbstractLaunchChromeBrowser" name="@AfterSuite tearDown" time="0.0">
    <ignored/>
  </testcase> <!-- @AfterSuite tearDown -->
  <testcase classname="com.automate.web.firstcode.AbstractLaunchChromeBrowser" name="@AfterTest afterTest" time="0.0">
    <ignored/>
  </testcase> <!-- @AfterTest afterTest -->
  <testcase classname="com.automate.web.firstcode.AbstractLaunchChromeBrowser" name="@AfterTest afterTest" time="0.0">
    <ignored/>
  </testcase> <!-- @AfterTest afterTest -->
  <testcase classname="com.automate.web.firstcode.AbstractLaunchChromeBrowser" name="@AfterTest afterTest" time="0.0">
    <ignored/>
  </testcase> <!-- @AfterTest afterTest -->
  <testcase classname="com.automate.web.firstcode.AbstractLaunchChromeBrowser" name="@AfterTest afterTest" time="0.0">
    <ignored/>
  </testcase> <!-- @AfterTest afterTest -->
  <testcase classname="com.automate.web.firstcode.AbstractLaunchChromeBrowser" name="@AfterTest afterTest" time="0.0">
    <ignored/>
  </testcase> <!-- @AfterTest afterTest -->
  <testcase classname="com.automate.web.firstcode.AbstractLaunchChromeBrowser" name="@AfterTest afterTest" time="0.0">
    <ignored/>
  </testcase> <!-- @AfterTest afterTest -->
  <testcase classname="com.automate.web.firstcode.AbstractLaunchChromeBrowser" name="@AfterTest afterTest" time="0.0">
    <ignored/>
  </testcase> <!-- @AfterTest afterTest -->
  <testcase classname="com.automate.web.firstcode.AbstractLaunchChromeBrowser" name="@AfterTest afterTest" time="0.0">
    <ignored/>
  </testcase> <!-- @AfterTest afterTest -->
  <testcase classname="com.automate.web.firstcode.AbstractLaunchChromeBrowser" name="@BeforeSuite setUp" time="0.0">
    <ignored/>
  </testcase> <!-- @BeforeSuite setUp -->
  <testcase classname="com.automate.web.firstcode.AbstractLaunchChromeBrowser" name="@BeforeSuite setUp" time="0.0">
    <ignored/>
  </testcase> <!-- @BeforeSuite setUp -->
  <testcase classname="com.automate.web.firstcode.AbstractLaunchChromeBrowser" name="@BeforeSuite setUp" time="0.0">
    <ignored/>
  </testcase> <!-- @BeforeSuite setUp -->
  <testcase classname="com.automate.web.firstcode.AbstractLaunchChromeBrowser" name="@BeforeSuite setUp" time="0.0">
    <ignored/>
  </testcase> <!-- @BeforeSuite setUp -->
  <testcase classname="com.automate.web.firstcode.AbstractLaunchChromeBrowser" name="@BeforeSuite setUp" time="0.0">
    <ignored/>
  </testcase> <!-- @BeforeSuite setUp -->
  <testcase classname="com.automate.web.firstcode.AbstractLaunchChromeBrowser" name="@BeforeSuite setUp" time="0.0">
    <ignored/>
  </testcase> <!-- @BeforeSuite setUp -->
  <testcase classname="com.automate.web.firstcode.AbstractLaunchChromeBrowser" name="@BeforeSuite setUp" time="0.0">
    <ignored/>
  </testcase> <!-- @BeforeSuite setUp -->
  <testcase classname="com.automate.web.firstcode.AbstractLaunchChromeBrowser" name="@BeforeSuite setUp" time="0.0">
    <ignored/>
  </testcase> <!-- @BeforeSuite setUp -->
  <testcase classname="com.automate.web.firstcode.AbstractLaunchChromeBrowser" name="@BeforeTest beforeTest" time="0.0">
    <ignored/>
  </testcase> <!-- @BeforeTest beforeTest -->
  <testcase classname="com.automate.web.firstcode.AbstractLaunchChromeBrowser" name="@BeforeTest beforeTest" time="0.0">
    <ignored/>
  </testcase> <!-- @BeforeTest beforeTest -->
  <testcase classname="com.automate.web.firstcode.AbstractLaunchChromeBrowser" name="@BeforeTest beforeTest" time="0.0">
    <ignored/>
  </testcase> <!-- @BeforeTest beforeTest -->
  <testcase classname="com.automate.web.firstcode.AbstractLaunchChromeBrowser" name="@BeforeTest beforeTest" time="0.0">
    <ignored/>
  </testcase> <!-- @BeforeTest beforeTest -->
  <testcase classname="com.automate.web.firstcode.AbstractLaunchChromeBrowser" name="@BeforeTest beforeTest" time="0.0">
    <ignored/>
  </testcase> <!-- @BeforeTest beforeTest -->
  <testcase classname="com.automate.web.firstcode.AbstractLaunchChromeBrowser" name="@BeforeTest beforeTest" time="0.0">
    <ignored/>
  </testcase> <!-- @BeforeTest beforeTest -->
  <testcase classname="com.automate.web.firstcode.AbstractLaunchChromeBrowser" name="@BeforeTest beforeTest" time="0.0">
    <ignored/>
  </testcase> <!-- @BeforeTest beforeTest -->
  <testcase classname="com.automate.web.firstcode.AbstractLaunchChromeBrowser" name="@BeforeTest beforeTest" time="0.0">
    <ignored/>
  </testcase> <!-- @BeforeTest beforeTest -->
</testsuite> <!-- Com-GUI-AutomationTest -->
