<?xml version="1.0" encoding="UTF-8"?>
<!-- Generated by org.testng.reporters.JUnitXMLReporter -->
<testsuite ignored="0" hostname="DESKTOP-9SGE8AP" failures="0" tests="6" name="Com-GUI-Automation-CSV-DataProvider" time="92.954" errors="0" timestamp="04 Jul 2021 15:01:25 GMT">
  <testcase classname="com.gui.automation.csvreader.readCSVTest" name="logindataFromCSV" time="55.502"/>
  <testcase classname="com.gui.automation.csvreader.readCSVTest" name="logindataFromCSV" time="6.985"/>
  <testcase classname="com.gui.automation.csvreader.readCSVTest" name="logindataFromCSV" time="5.944"/>
  <testcase classname="com.gui.automation.csvreader.readCSVTest" name="logindataFromCSV" time="7.497"/>
  <testcase classname="com.gui.automation.csvreader.readCSVTest" name="logindataFromCSV" time="16.332"/>
  <testcase classname="com.gui.automation.csvreader.readCSVTest" name="readDataFromCSV" time="0.065"/>
</testsuite> <!-- Com-GUI-Automation-CSV-DataProvider -->
