<?xml version="1.0" encoding="UTF-8"?>
<!-- Generated by org.testng.reporters.JUnitXMLReporter -->
<testsuite ignored="8" hostname="DESKTOP-9SGE8AP" failures="0" tests="5" name="GUI-Automation-Test" time="51.209" errors="0" timestamp="03 Jul 2021 05:58:44 GMT">
  <testcase classname="com.gui.automation.test.TestRadioButtons" name="getRadioButtons" time="25.791"/>
  <testcase classname="com.gui.automation.test.CheckBoxOptionsTest" name="checkBoxOptionsTest" time="4.501"/>
  <testcase classname="com.gui.automation.test.TestTitleOfThePage" name="getTitleOfPage" time="4.226"/>
  <testcase classname="com.gui.automation.test.TextAreaTest" name="textArearTest" time="3.425"/>
  <testcase classname="com.gui.automation.test.LoginTest" name="loginPageTest" time="2.437"/>
  <testcase classname="com.automate.web.firstcode.AbstractLaunchChromeBrowser" name="@AfterTest afterTest" time="0.0">
    <ignored/>
  </testcase> <!-- @AfterTest afterTest -->
  <testcase classname="com.automate.web.firstcode.AbstractLaunchChromeBrowser" name="@AfterTest afterTest" time="0.0">
    <ignored/>
  </testcase> <!-- @AfterTest afterTest -->
  <testcase classname="com.automate.web.firstcode.AbstractLaunchChromeBrowser" name="@AfterTest afterTest" time="0.0">
    <ignored/>
  </testcase> <!-- @AfterTest afterTest -->
  <testcase classname="com.automate.web.firstcode.AbstractLaunchChromeBrowser" name="@AfterTest afterTest" time="0.0">
    <ignored/>
  </testcase> <!-- @AfterTest afterTest -->
  <testcase classname="com.automate.web.firstcode.AbstractLaunchChromeBrowser" name="@BeforeTest beforeTest" time="0.0">
    <ignored/>
  </testcase> <!-- @BeforeTest beforeTest -->
  <testcase classname="com.automate.web.firstcode.AbstractLaunchChromeBrowser" name="@BeforeTest beforeTest" time="0.0">
    <ignored/>
  </testcase> <!-- @BeforeTest beforeTest -->
  <testcase classname="com.automate.web.firstcode.AbstractLaunchChromeBrowser" name="@BeforeTest beforeTest" time="0.0">
    <ignored/>
  </testcase> <!-- @BeforeTest beforeTest -->
  <testcase classname="com.automate.web.firstcode.AbstractLaunchChromeBrowser" name="@BeforeTest beforeTest" time="0.0">
    <ignored/>
  </testcase> <!-- @BeforeTest beforeTest -->
</testsuite> <!-- GUI-Automation-Test -->
