<?xml version="1.0" encoding="UTF-8"?>
<!-- Generated by org.testng.reporters.JUnitXMLReporter -->
<testsuite ignored="40" hostname="DESKTOP-9SGE8AP" failures="0" tests="22" name="Command line test" time="180.245" errors="0" timestamp="06 Jul 2021 10:50:06 GMT">
  <testcase classname="com.automate.web.firstcode.AbstractLaunchChromeBrowser" name="@AfterMethod getResult" time="0.007">
    <failure type="java.lang.NullPointerException" message="Cannot invoke &amp;quot;com.aventstack.extentreports.ExtentTest.log(com.aventstack.extentreports.Status, com.aventstack.extentreports.markuputils.Markup)&amp;quot; because &amp;quot;com.automate.web.firstcode.AbstractLaunchChromeBrowser.test&amp;quot; is null">
      <![CDATA[java.lang.NullPointerException: Cannot invoke "com.aventstack.extentreports.ExtentTest.log(com.aventstack.extentreports.Status, com.aventstack.extentreports.markuputils.Markup)" because "com.automate.web.firstcode.AbstractLaunchChromeBrowser.test" is null
at com.automate.web.firstcode.AbstractLaunchChromeBrowser.getResult(AbstractLaunchChromeBrowser.java:101)
... Removed 38 stack frames]]>
    </failure>
  </testcase> <!-- @AfterMethod getResult -->
  <testcase classname="com.automate.web.firstcode.AbstractLaunchChromeBrowser" name="@AfterMethod getResult" time="0.0">
    <skipped/>
  </testcase> <!-- @AfterMethod getResult -->
  <testcase classname="com.automate.web.firstcode.AbstractLaunchChromeBrowser" name="@AfterMethod getResult" time="0.0">
    <skipped/>
  </testcase> <!-- @AfterMethod getResult -->
  <testcase classname="com.automate.web.firstcode.AbstractLaunchChromeBrowser" name="@AfterMethod getResult" time="0.0">
    <skipped/>
  </testcase> <!-- @AfterMethod getResult -->
  <testcase classname="com.automate.web.firstcode.AbstractLaunchChromeBrowser" name="@AfterMethod getResult" time="0.0">
    <skipped/>
  </testcase> <!-- @AfterMethod getResult -->
  <testcase classname="com.gui.automation.csvreader.readCSVTest" name="logindataFromCSV" time="21.127"/>
  <testcase classname="com.gui.automation.csvreader.readCSVTest" name="logindataFromCSV" time="13.318"/>
  <testcase classname="com.gui.automation.csvreader.readCSVTest" name="logindataFromCSV" time="19.049"/>
  <testcase classname="com.gui.automation.csvreader.readCSVTest" name="logindataFromCSV" time="13.325"/>
  <testcase classname="com.gui.automation.csvreader.readCSVTest" name="logindataFromCSV" time="16.807"/>
  <testcase classname="com.gui.automation.csvreader.readCSVTest" name="readDataFromCSV" time="0.002"/>
  <testcase classname="com.gui.automation.dataprovider.test.DataProviderLoginTest" name="successfulLoginDataProvider" time="7.681"/>
  <testcase classname="com.gui.automation.dataprovider.test.DataProviderLoginTest" name="successfulLoginDataProvider" time="0.0">
    <skipped/>
  </testcase> <!-- successfulLoginDataProvider -->
  <testcase classname="com.gui.automation.dataprovider.test.DataProviderLoginTest" name="successfulLoginDataProvider" time="0.0">
    <skipped/>
  </testcase> <!-- successfulLoginDataProvider -->
  <testcase classname="com.gui.automation.dataprovider.test.DataProviderLoginTest" name="successfulLoginDataProvider" time="0.0">
    <skipped/>
  </testcase> <!-- successfulLoginDataProvider -->
  <testcase classname="com.gui.automation.dataprovider.test.DataProviderLoginTest" name="successfulLoginDataProvider" time="0.0">
    <skipped/>
  </testcase> <!-- successfulLoginDataProvider -->
  <testcase classname="com.gui.automation.test.AlertPopUpTest" name="alertBoxTest" time="31.827"/>
  <testcase classname="com.gui.automation.test.CheckBoxOptionsTest" name="checkBoxOptionsTest" time="2.659"/>
  <testcase classname="com.gui.automation.test.ExplicitWaitElementTest" name="checkElementVisibility" time="4.77"/>
  <testcase classname="com.gui.automation.test.FormElementSelectTest" name="selectOptionFromDropDwon" time="2.521"/>
  <testcase classname="com.gui.automation.test.LoginTest" name="loginPageTest" time="0.688"/>
  <testcase classname="com.gui.automation.test.readTableDataTest" name="readFromTableTest" time="1.966"/>
  <testcase classname="com.gui.automation.test.TestRadioButtons" name="getRadioButtons" time="4.079"/>
  <testcase classname="com.gui.automation.test.TestTitleOfThePage" name="getTitleOfPage" time="2.942"/>
  <testcase classname="com.gui.automation.test.TextAreaTest" name="javaScriptExecutorTest" time="6.087"/>
  <testcase classname="com.gui.automation.test.TextAreaTest" name="textArearTest" time="2.042"/>
  <testcase classname="com.gui.automation.test.WindowHandleTest" name="getWindowHandles" time="11.783"/>
  <testcase classname="com.automate.web.firstcode.AbstractLaunchChromeBrowser" name="@AfterSuite tearDown" time="0.0">
    <ignored/>
  </testcase> <!-- @AfterSuite tearDown -->
  <testcase classname="com.automate.web.firstcode.AbstractLaunchChromeBrowser" name="@AfterSuite tearDown" time="0.0">
    <ignored/>
  </testcase> <!-- @AfterSuite tearDown -->
  <testcase classname="com.automate.web.firstcode.AbstractLaunchChromeBrowser" name="@AfterSuite tearDown" time="0.0">
    <ignored/>
  </testcase> <!-- @AfterSuite tearDown -->
  <testcase classname="com.automate.web.firstcode.AbstractLaunchChromeBrowser" name="@AfterSuite tearDown" time="0.0">
    <ignored/>
  </testcase> <!-- @AfterSuite tearDown -->
  <testcase classname="com.automate.web.firstcode.AbstractLaunchChromeBrowser" name="@AfterSuite tearDown" time="0.0">
    <ignored/>
  </testcase> <!-- @AfterSuite tearDown -->
  <testcase classname="com.automate.web.firstcode.AbstractLaunchChromeBrowser" name="@AfterSuite tearDown" time="0.0">
    <ignored/>
  </testcase> <!-- @AfterSuite tearDown -->
  <testcase classname="com.automate.web.firstcode.AbstractLaunchChromeBrowser" name="@AfterSuite tearDown" time="0.0">
    <ignored/>
  </testcase> <!-- @AfterSuite tearDown -->
  <testcase classname="com.automate.web.firstcode.AbstractLaunchChromeBrowser" name="@AfterSuite tearDown" time="0.0">
    <ignored/>
  </testcase> <!-- @AfterSuite tearDown -->
  <testcase classname="com.automate.web.firstcode.AbstractLaunchChromeBrowser" name="@AfterSuite tearDown" time="0.0">
    <ignored/>
  </testcase> <!-- @AfterSuite tearDown -->
  <testcase classname="com.automate.web.firstcode.AbstractLaunchChromeBrowser" name="@AfterSuite tearDown" time="0.0">
    <ignored/>
  </testcase> <!-- @AfterSuite tearDown -->
  <testcase classname="com.automate.web.firstcode.AbstractLaunchChromeBrowser" name="@AfterTest afterTest" time="0.0">
    <ignored/>
  </testcase> <!-- @AfterTest afterTest -->
  <testcase classname="com.automate.web.firstcode.AbstractLaunchChromeBrowser" name="@AfterTest afterTest" time="0.0">
    <ignored/>
  </testcase> <!-- @AfterTest afterTest -->
  <testcase classname="com.automate.web.firstcode.AbstractLaunchChromeBrowser" name="@AfterTest afterTest" time="0.0">
    <ignored/>
  </testcase> <!-- @AfterTest afterTest -->
  <testcase classname="com.automate.web.firstcode.AbstractLaunchChromeBrowser" name="@AfterTest afterTest" time="0.0">
    <ignored/>
  </testcase> <!-- @AfterTest afterTest -->
  <testcase classname="com.automate.web.firstcode.AbstractLaunchChromeBrowser" name="@AfterTest afterTest" time="0.0">
    <ignored/>
  </testcase> <!-- @AfterTest afterTest -->
  <testcase classname="com.automate.web.firstcode.AbstractLaunchChromeBrowser" name="@AfterTest afterTest" time="0.0">
    <ignored/>
  </testcase> <!-- @AfterTest afterTest -->
  <testcase classname="com.automate.web.firstcode.AbstractLaunchChromeBrowser" name="@AfterTest afterTest" time="0.0">
    <ignored/>
  </testcase> <!-- @AfterTest afterTest -->
  <testcase classname="com.automate.web.firstcode.AbstractLaunchChromeBrowser" name="@AfterTest afterTest" time="0.0">
    <ignored/>
  </testcase> <!-- @AfterTest afterTest -->
  <testcase classname="com.automate.web.firstcode.AbstractLaunchChromeBrowser" name="@AfterTest afterTest" time="0.0">
    <ignored/>
  </testcase> <!-- @AfterTest afterTest -->
  <testcase classname="com.automate.web.firstcode.AbstractLaunchChromeBrowser" name="@AfterTest afterTest" time="0.0">
    <ignored/>
  </testcase> <!-- @AfterTest afterTest -->
  <testcase classname="com.automate.web.firstcode.AbstractLaunchChromeBrowser" name="@BeforeSuite setUp" time="0.0">
    <ignored/>
  </testcase> <!-- @BeforeSuite setUp -->
  <testcase classname="com.automate.web.firstcode.AbstractLaunchChromeBrowser" name="@BeforeSuite setUp" time="0.0">
    <ignored/>
  </testcase> <!-- @BeforeSuite setUp -->
  <testcase classname="com.automate.web.firstcode.AbstractLaunchChromeBrowser" name="@BeforeSuite setUp" time="0.0">
    <ignored/>
  </testcase> <!-- @BeforeSuite setUp -->
  <testcase classname="com.automate.web.firstcode.AbstractLaunchChromeBrowser" name="@BeforeTest beforeTest" time="0.0">
    <ignored/>
  </testcase> <!-- @BeforeTest beforeTest -->
  <testcase classname="com.automate.web.firstcode.AbstractLaunchChromeBrowser" name="@BeforeTest beforeTest" time="0.0">
    <ignored/>
  </testcase> <!-- @BeforeTest beforeTest -->
  <testcase classname="com.automate.web.firstcode.AbstractLaunchChromeBrowser" name="@BeforeSuite setUp" time="0.0">
    <ignored/>
  </testcase> <!-- @BeforeSuite setUp -->
  <testcase classname="com.automate.web.firstcode.AbstractLaunchChromeBrowser" name="@BeforeSuite setUp" time="0.0">
    <ignored/>
  </testcase> <!-- @BeforeSuite setUp -->
  <testcase classname="com.automate.web.firstcode.AbstractLaunchChromeBrowser" name="@BeforeSuite setUp" time="0.0">
    <ignored/>
  </testcase> <!-- @BeforeSuite setUp -->
  <testcase classname="com.automate.web.firstcode.AbstractLaunchChromeBrowser" name="@BeforeSuite setUp" time="0.0">
    <ignored/>
  </testcase> <!-- @BeforeSuite setUp -->
  <testcase classname="com.automate.web.firstcode.AbstractLaunchChromeBrowser" name="@BeforeSuite setUp" time="0.0">
    <ignored/>
  </testcase> <!-- @BeforeSuite setUp -->
  <testcase classname="com.automate.web.firstcode.AbstractLaunchChromeBrowser" name="@BeforeSuite setUp" time="0.0">
    <ignored/>
  </testcase> <!-- @BeforeSuite setUp -->
  <testcase classname="com.automate.web.firstcode.AbstractLaunchChromeBrowser" name="@BeforeSuite setUp" time="0.0">
    <ignored/>
  </testcase> <!-- @BeforeSuite setUp -->
  <testcase classname="com.automate.web.firstcode.AbstractLaunchChromeBrowser" name="@BeforeTest beforeTest" time="0.0">
    <ignored/>
  </testcase> <!-- @BeforeTest beforeTest -->
  <testcase classname="com.automate.web.firstcode.AbstractLaunchChromeBrowser" name="@BeforeTest beforeTest" time="0.0">
    <ignored/>
  </testcase> <!-- @BeforeTest beforeTest -->
  <testcase classname="com.automate.web.firstcode.AbstractLaunchChromeBrowser" name="@BeforeTest beforeTest" time="0.0">
    <ignored/>
  </testcase> <!-- @BeforeTest beforeTest -->
  <testcase classname="com.automate.web.firstcode.AbstractLaunchChromeBrowser" name="@BeforeTest beforeTest" time="0.0">
    <ignored/>
  </testcase> <!-- @BeforeTest beforeTest -->
  <testcase classname="com.automate.web.firstcode.AbstractLaunchChromeBrowser" name="@BeforeTest beforeTest" time="0.0">
    <ignored/>
  </testcase> <!-- @BeforeTest beforeTest -->
  <testcase classname="com.automate.web.firstcode.AbstractLaunchChromeBrowser" name="@BeforeTest beforeTest" time="0.0">
    <ignored/>
  </testcase> <!-- @BeforeTest beforeTest -->
  <testcase classname="com.automate.web.firstcode.AbstractLaunchChromeBrowser" name="@BeforeTest beforeTest" time="0.0">
    <ignored/>
  </testcase> <!-- @BeforeTest beforeTest -->
  <testcase classname="com.automate.web.firstcode.AbstractLaunchChromeBrowser" name="@BeforeTest beforeTest" time="0.0">
    <ignored/>
  </testcase> <!-- @BeforeTest beforeTest -->
</testsuite> <!-- Command line test -->
