<?xml version="1.0" encoding="UTF-8" ?>
<testsuite tests="22" failures="1" name="TestSuite" time="209.498" errors="0" skipped="0">
  <properties>
[...]
</properties>
  <testcase classname="com.gui.automation.csvreader.readCSVTest" name="logindataFromCSV" time="24.391"/>
  <testcase classname="com.gui.automation.csvreader.readCSVTest" name="logindataFromCSV" time="15.106"/>
  <testcase classname="com.gui.automation.csvreader.readCSVTest" name="logindataFromCSV" time="29.035"/>
  <testcase classname="com.gui.automation.csvreader.readCSVTest" name="logindataFromCSV" time="21.46">
    <failure message="Timed out waiting for driver server to start.
Build info: version: &apos;3.13.0&apos;, revision: &apos;2f0d292&apos;, time: &apos;2018-06-25T15:24:21.231Z&apos;
System info: host: &apos;DESKTOP-9SGE8AP&apos;, ip: &apos;192.168.0.106&apos;, os.name: &apos;Windows 10&apos;, os.arch: &apos;amd64&apos;, os.version: &apos;10.0&apos;, java.version: &apos;15.0.2&apos;
Driver info: driver.version: ChromeDriver" type="org.openqa.selenium.WebDriverException">org.openqa.selenium.WebDriverException: Timed out waiting for driver server to start.
Build info: version: &apos;3.13.0&apos;, revision: &apos;2f0d292&apos;, time: &apos;2018-06-25T15:24:21.231Z&apos;
System info: host: &apos;DESKTOP-9SGE8AP&apos;, ip: &apos;192.168.0.106&apos;, os.name: &apos;Windows 10&apos;, os.arch: &apos;amd64&apos;, os.version: &apos;10.0&apos;, java.version: &apos;15.0.2&apos;
Driver info: driver.version: ChromeDriver
	at org.openqa.selenium.remote.service.DriverService.waitUntilAvailable(DriverService.java:193)
	at org.openqa.selenium.remote.service.DriverService.start(DriverService.java:179)
	at org.openqa.selenium.remote.service.DriverCommandExecutor.execute(DriverCommandExecutor.java:79)
	at org.openqa.selenium.remote.RemoteWebDriver.execute(RemoteWebDriver.java:548)
	at org.openqa.selenium.remote.RemoteWebDriver.startSession(RemoteWebDriver.java:212)
	at org.openqa.selenium.remote.RemoteWebDriver.&lt;init&gt;(RemoteWebDriver.java:130)
	at org.openqa.selenium.chrome.ChromeDriver.&lt;init&gt;(ChromeDriver.java:181)
	at org.openqa.selenium.chrome.ChromeDriver.&lt;init&gt;(ChromeDriver.java:168)
	at org.openqa.selenium.chrome.ChromeDriver.&lt;init&gt;(ChromeDriver.java:157)
	at com.gui.automation.csvreader.readCSVTest.logindataFromCSV(readCSVTest.java:59)
Caused by: org.openqa.selenium.net.UrlChecker$TimeoutException: Timed out waiting for [http://localhost:22956/status] to be available after 20002 ms
	at org.openqa.selenium.net.UrlChecker.waitUntilAvailable(UrlChecker.java:100)
	at org.openqa.selenium.remote.service.DriverService.waitUntilAvailable(DriverService.java:188)
	... 44 more
Caused by: java.util.concurrent.TimeoutException
	at java.base/java.util.concurrent.FutureTask.get(FutureTask.java:204)
	at com.google.common.util.concurrent.SimpleTimeLimiter.callWithTimeout(SimpleTimeLimiter.java:156)
	at org.openqa.selenium.net.UrlChecker.waitUntilAvailable(UrlChecker.java:75)
	... 45 more
</failure>
    <system-out>20:39:50.627 [main] DEBUG i.g.bonigarcia.wdm.WebDriverManager - Latest version of chromedriver is 92.0.4515.43 (recently resolved)
20:39:50.659 [main] DEBUG i.g.bonigarcia.wdm.WebDriverManager - Driver for chromedriver (latest version) found in cache C:\Users\Lenovo\.m2\repository\webdriver\chromedriver\win32\92.0.4515.43\chromedriver.exe
20:39:50.660 [main] INFO  i.g.bonigarcia.wdm.WebDriverManager - Exporting webdriver.chrome.driver as C:\Users\Lenovo\.m2\repository\webdriver\chromedriver\win32\92.0.4515.43\chromedriver.exe
</system-out>
  </testcase>
  <testcase classname="com.gui.automation.csvreader.readCSVTest" name="logindataFromCSV" time="16.582"/>
  <testcase classname="com.gui.automation.csvreader.readCSVTest" name="readDataFromCSV" time="0.016"/>
  <testcase classname="com.gui.automation.dataprovider.test.DataProviderLoginTest" name="successfulLoginDataProvider" time="6.408"/>
  <testcase classname="com.gui.automation.dataprovider.test.DataProviderLoginTest" name="successfulLoginDataProvider" time="0.7"/>
  <testcase classname="com.gui.automation.dataprovider.test.DataProviderLoginTest" name="successfulLoginDataProvider" time="0.545"/>
  <testcase classname="com.gui.automation.dataprovider.test.DataProviderLoginTest" name="successfulLoginDataProvider" time="0.66"/>
  <testcase classname="com.gui.automation.dataprovider.test.DataProviderLoginTest" name="successfulLoginDataProvider" time="0.539"/>
  <testcase classname="com.gui.automation.test.AlertPopUpTest" name="alertBoxTest" time="46.318"/>
  <testcase classname="com.gui.automation.test.CheckBoxOptionsTest" name="checkBoxOptionsTest" time="4.068"/>
  <testcase classname="com.gui.automation.test.ExplicitWaitElementTest" name="checkElementVisibility" time="4.05"/>
  <testcase classname="com.gui.automation.test.FormElementSelectTest" name="selectOptionFromDropDwon" time="4.005"/>
  <testcase classname="com.gui.automation.test.LoginTest" name="loginPageTest" time="1.097"/>
  <testcase classname="com.gui.automation.test.readTableDataTest" name="readFromTableTest" time="2.795"/>
  <testcase classname="com.gui.automation.test.TestRadioButtons" name="getRadioButtons" time="3.964"/>
  <testcase classname="com.gui.automation.test.TestTitleOfThePage" name="getTitleOfPage" time="3.476"/>
  <testcase classname="com.gui.automation.test.TextAreaTest" name="javaScriptExecutorTest" time="6.103"/>
  <testcase classname="com.gui.automation.test.TextAreaTest" name="textArearTest" time="3.043"/>
  <testcase classname="com.gui.automation.test.WindowHandleTest" name="getWindowHandles" time="15.137"/>
</testsuite>