<?xml version="1.0" encoding="UTF-8" ?>
<testsuite tests="27" failures="1" name="TestSuite" time="493.709" errors="0" skipped="8">
  <properties>
[...]
</properties>
  <testcase classname="com.gui.automation.csvreader.readCSVTest" name="logindataFromCSV" time="265.937"/>
  <testcase classname="com.gui.automation.csvreader.readCSVTest" name="logindataFromCSV" time="0.003"/>
  <testcase classname="com.gui.automation.csvreader.readCSVTest" name="logindataFromCSV" time="0.089"/>
  <testcase classname="com.gui.automation.csvreader.readCSVTest" name="logindataFromCSV" time="0.01"/>
  <testcase classname="com.gui.automation.csvreader.readCSVTest" name="logindataFromCSV" time="31.413"/>
  <testcase classname="com.gui.automation.csvreader.readCSVTest" name="readDataFromCSV" time="0.016"/>
  <testcase classname="com.gui.automation.dataprovider.test.DataProviderLoginTest" name="successfulLoginDataProvider" time="10.462"/>
  <testcase classname="com.gui.automation.dataprovider.test.DataProviderLoginTest" name="getResult" time="11.025">
    <failure message="Cannot invoke &quot;com.aventstack.extentreports.ExtentTest.log(com.aventstack.extentreports.Status, com.aventstack.extentreports.markuputils.Markup)&quot; because &quot;com.automate.web.firstcode.AbstractLaunchChromeBrowser.test&quot; is null" type="java.lang.NullPointerException">java.lang.NullPointerException: Cannot invoke &quot;com.aventstack.extentreports.ExtentTest.log(com.aventstack.extentreports.Status, com.aventstack.extentreports.markuputils.Markup)&quot; because &quot;com.automate.web.firstcode.AbstractLaunchChromeBrowser.test&quot; is null
	at com.automate.web.firstcode.AbstractLaunchChromeBrowser.getResult(AbstractLaunchChromeBrowser.java:101)
	at java.base/jdk.internal.reflect.NativeMethodAccessorImpl.invoke0(Native Method)
	at java.base/jdk.internal.reflect.NativeMethodAccessorImpl.invoke(NativeMethodAccessorImpl.java:64)
	at java.base/jdk.internal.reflect.DelegatingMethodAccessorImpl.invoke(DelegatingMethodAccessorImpl.java:43)
	at java.base/java.lang.reflect.Method.invoke(Method.java:564)
	at org.testng.internal.MethodInvocationHelper.invokeMethod(MethodInvocationHelper.java:124)
	at org.testng.internal.MethodInvocationHelper.invokeMethodConsideringTimeout(MethodInvocationHelper.java:59)
	at org.testng.internal.Invoker.invokeConfigurationMethod(Invoker.java:458)
	at org.testng.internal.Invoker.invokeConfigurations(Invoker.java:222)
	at org.testng.internal.Invoker.invokeMethod(Invoker.java:646)
	at org.testng.internal.Invoker.invokeTestMethod(Invoker.java:719)
	at org.testng.internal.Invoker.invokeTestMethods(Invoker.java:989)
	at org.testng.internal.TestMethodWorker.invokeTestMethods(TestMethodWorker.java:125)
	at org.testng.internal.TestMethodWorker.run(TestMethodWorker.java:109)
	at org.testng.TestRunner.privateRun(TestRunner.java:648)
	at org.testng.TestRunner.run(TestRunner.java:505)
	at org.testng.SuiteRunner.runTest(SuiteRunner.java:455)
	at org.testng.SuiteRunner.runSequentially(SuiteRunner.java:450)
	at org.testng.SuiteRunner.privateRun(SuiteRunner.java:415)
	at org.testng.SuiteRunner.run(SuiteRunner.java:364)
	at org.testng.SuiteRunnerWorker.runSuite(SuiteRunnerWorker.java:52)
	at org.testng.SuiteRunnerWorker.run(SuiteRunnerWorker.java:84)
	at org.testng.TestNG.runSuitesSequentially(TestNG.java:1208)
	at org.testng.TestNG.runSuitesLocally(TestNG.java:1137)
	at org.testng.TestNG.runSuites(TestNG.java:1049)
	at org.testng.TestNG.run(TestNG.java:1017)
	at org.apache.maven.surefire.testng.TestNGExecutor.run(TestNGExecutor.java:77)
	at org.apache.maven.surefire.testng.TestNGDirectoryTestSuite.executeMulti(TestNGDirectoryTestSuite.java:159)
	at org.apache.maven.surefire.testng.TestNGDirectoryTestSuite.execute(TestNGDirectoryTestSuite.java:99)
	at org.apache.maven.surefire.testng.TestNGProvider.invoke(TestNGProvider.java:106)
	at java.base/jdk.internal.reflect.NativeMethodAccessorImpl.invoke0(Native Method)
	at java.base/jdk.internal.reflect.NativeMethodAccessorImpl.invoke(NativeMethodAccessorImpl.java:64)
	at java.base/jdk.internal.reflect.DelegatingMethodAccessorImpl.invoke(DelegatingMethodAccessorImpl.java:43)
	at java.base/java.lang.reflect.Method.invoke(Method.java:564)
	at org.apache.maven.surefire.util.ReflectionUtils.invokeMethodWithArray(ReflectionUtils.java:189)
	at org.apache.maven.surefire.booter.ProviderFactory$ProviderProxy.invoke(ProviderFactory.java:165)
	at org.apache.maven.surefire.booter.ProviderFactory.invokeProvider(ProviderFactory.java:85)
	at org.apache.maven.surefire.booter.ForkedBooter.runSuitesInProcess(ForkedBooter.java:115)
	at org.apache.maven.surefire.booter.ForkedBooter.main(ForkedBooter.java:75)
</failure>
  </testcase>
  <testcase classname="com.gui.automation.dataprovider.test.DataProviderLoginTest" name="successfulLoginDataProvider" time="11.039">
    <skipped/>
  </testcase>
  <testcase classname="com.gui.automation.dataprovider.test.DataProviderLoginTest" name="getResult" time="11.039">
    <skipped/>
  </testcase>
  <testcase classname="com.gui.automation.dataprovider.test.DataProviderLoginTest" name="successfulLoginDataProvider" time="11.039">
    <skipped/>
  </testcase>
  <testcase classname="com.gui.automation.dataprovider.test.DataProviderLoginTest" name="getResult" time="11.04">
    <skipped/>
  </testcase>
  <testcase classname="com.gui.automation.dataprovider.test.DataProviderLoginTest" name="successfulLoginDataProvider" time="11.04">
    <skipped/>
  </testcase>
  <testcase classname="com.gui.automation.dataprovider.test.DataProviderLoginTest" name="getResult" time="11.04">
    <skipped/>
  </testcase>
  <testcase classname="com.gui.automation.dataprovider.test.DataProviderLoginTest" name="successfulLoginDataProvider" time="11.04">
    <skipped/>
  </testcase>
  <testcase classname="com.gui.automation.dataprovider.test.DataProviderLoginTest" name="getResult" time="11.04">
    <skipped/>
  </testcase>
  <testcase classname="com.gui.automation.test.AlertPopUpTest" name="alertBoxTest" time="38.167"/>
  <testcase classname="com.gui.automation.test.CheckBoxOptionsTest" name="checkBoxOptionsTest" time="3.05"/>
  <testcase classname="com.gui.automation.test.ExplicitWaitElementTest" name="checkElementVisibility" time="5.294"/>
  <testcase classname="com.gui.automation.test.FormElementSelectTest" name="selectOptionFromDropDwon" time="2.3"/>
  <testcase classname="com.gui.automation.test.LoginTest" name="loginPageTest" time="1.163"/>
  <testcase classname="com.gui.automation.test.readTableDataTest" name="readFromTableTest" time="2.437"/>
  <testcase classname="com.gui.automation.test.TestRadioButtons" name="getRadioButtons" time="4.076"/>
  <testcase classname="com.gui.automation.test.TestTitleOfThePage" name="getTitleOfPage" time="3.604"/>
  <testcase classname="com.gui.automation.test.TextAreaTest" name="javaScriptExecutorTest" time="6.08"/>
  <testcase classname="com.gui.automation.test.TextAreaTest" name="textArearTest" time="3.001"/>
  <testcase classname="com.gui.automation.test.WindowHandleTest" name="getWindowHandles" time="17.265"/>
</testsuite>